<?xml version="1.0" encoding="UTF-8"?>
<!-- Generated by org.testng.reporters.JUnitReportReporter -->
<testsuite skipped="0" name="testcases.TC001_LoginAndLogout" tests="2" failures="0" timestamp="03 Jun 2018 06:46:29 GMT" time="18.932" errors="0">
  <testcase name="loginAndLogout" time="10.067" classname="testcases.TC001_LoginAndLogout"/>
  <testcase name="loginAndLogout" time="8.865" classname="testcases.TC001_LoginAndLogout"/>
</testsuite> <!-- testcases.TC001_LoginAndLogout -->
